{"/Users/justin.dunham/Projects/javascript-examples/cards/cards.js": {"path":"/Users/justin.dunham/Projects/javascript-examples/cards/cards.js","statementMap":{"0":{"start":{"line":7,"column":15},"end":{"line":7,"column":69}},"1":{"start":{"line":8,"column":14},"end":{"line":8,"column":31}},"2":{"start":{"line":10,"column":16},"end":{"line":10,"column":42}},"3":{"start":{"line":10,"column":22},"end":{"line":10,"column":42}},"4":{"start":{"line":12,"column":14},"end":{"line":17,"column":6}},"5":{"start":{"line":13,"column":2},"end":{"line":16,"column":4}},"6":{"start":{"line":15,"column":35},"end":{"line":15,"column":56}},"7":{"start":{"line":19,"column":0},"end":{"line":19,"column":22}},"8":{"start":{"line":20,"column":0},"end":{"line":20,"column":26}},"9":{"start":{"line":21,"column":0},"end":{"line":21,"column":55}},"10":{"start":{"line":21,"column":30},"end":{"line":21,"column":54}}},"fnMap":{"0":{"name":"(anonymous_0)","decl":{"start":{"line":10,"column":16},"end":{"line":10,"column":17}},"loc":{"start":{"line":10,"column":22},"end":{"line":10,"column":42}},"line":10},"1":{"name":"(anonymous_1)","decl":{"start":{"line":12,"column":27},"end":{"line":12,"column":28}},"loc":{"start":{"line":12,"column":50},"end":{"line":17,"column":1}},"line":12},"2":{"name":"(anonymous_2)","decl":{"start":{"line":15,"column":22},"end":{"line":15,"column":23}},"loc":{"start":{"line":15,"column":35},"end":{"line":15,"column":56}},"line":15},"3":{"name":"(anonymous_3)","decl":{"start":{"line":21,"column":24},"end":{"line":21,"column":25}},"loc":{"start":{"line":21,"column":30},"end":{"line":21,"column":54}},"line":21}},"branchMap":{},"s":{"0":1,"1":1,"2":1,"3":265,"4":1,"5":4,"6":52,"7":1,"8":1,"9":1,"10":2},"f":{"0":265,"1":4,"2":52,"3":2},"b":{},"_coverageSchema":"43e27e138ebf9cfc5966b082cf9a028302ed4184","hash":"1fcd26e163ced878fc25a7d2781d8557e810e35a"}
}
